<?xml version="1.0" encoding="UTF-8"?>
<!-- Generated by org.testng.reporters.JUnitReportReporter -->
<testsuite hostname="Rohan" failures="0" tests="1" name="TestCases.Menpageshoes_TC_002" time="28.395" errors="0" timestamp="2023-12-07T16:27:40 IST" skipped="0">
  <testcase classname="TestCases.Menpageshoes_TC_002" name="TC_Login_002" time="28.395"/>
</testsuite> <!-- TestCases.Menpageshoes_TC_002 -->
