<?xml version="1.0" encoding="UTF-8"?>
<!-- Generated by org.testng.reporters.JUnitReportReporter -->
<testsuite hostname="Rohan" failures="0" tests="1" name="TestCases.VerifyMenWatchAddtocart1item_TC_003" time="28.003" errors="0" timestamp="2023-12-07T17:01:01 IST" skipped="0">
  <testcase classname="TestCases.VerifyMenWatchAddtocart1item_TC_003" name="TC_Login_003" time="28.003"/>
</testsuite> <!-- TestCases.VerifyMenWatchAddtocart1item_TC_003 -->
