<?xml version="1.0" encoding="UTF-8"?>
<!-- Generated by org.testng.reporters.JUnitReportReporter -->
<testsuite hostname="Rohan" failures="0" tests="2" name="TestCases.Login_TC_001" time="36.700" errors="0" timestamp="2023-12-07T16:40:20 IST" skipped="0">
  <testcase classname="TestCases.Login_TC_001" name="TC_Login_002" time="24.297"/>
  <testcase classname="TestCases.Login_TC_001" name="TC_Login_001" time="12.403"/>
</testsuite> <!-- TestCases.Login_TC_001 -->
