<?xml version="1.0" encoding="UTF-8"?>
<!-- Generated by org.testng.reporters.JUnitReportReporter -->
<testsuite hostname="Rohan" failures="0" tests="1" name="TestCases.Addtocart_TC_001" time="31.491" errors="0" timestamp="2023-12-29T21:34:05 IST" skipped="0">
  <testcase classname="TestCases.Addtocart_TC_001" name="TC_Login_003" time="31.491"/>
</testsuite> <!-- TestCases.Addtocart_TC_001 -->
